<?xml version="1.0" encoding="UTF-8"?>
<testsuite name="my.lib.serenity.primefaces.sars.features.companymanagement.CompanyManagementFeature" time="20.001" tests="168" errors="4" skipped="4" failures="0">
  <properties>
[...]
</properties>
  <testcase name="When I open submenu Company Management of menu Common" classname="| Company Management | Common |" time="0"/>
  <testcase name="Then The system should show initialization screen of Company management page" classname="| Company Management | Common |" time="0"/>
  <testcase name="When In Company management screen, I click button Expand Branch" classname="| Company Management | Common |" time="0"/>
  <testcase name="Then The system should expand all row in table company" classname="| Company Management | Common |" time="0"/>
  <testcase name="| Company Management | Common |" classname="| Company Management | Common |" time="1.245"/>
  <testcase name="When I open submenu Company Management of menu Common" classname="| Company Management | Common | 2 |" time="0"/>
  <testcase name="And In Company management screen, I click button last page on paging" classname="| Company Management | Common | 2 |" time="0"/>
  <testcase name="Then The table company should show last page" classname="| Company Management | Common | 2 |" time="0"/>
  <testcase name="When In Company management screen, I click button first page on paging" classname="| Company Management | Common | 2 |" time="0"/>
  <testcase name="Then The table company should show first page" classname="| Company Management | Common | 2 |" time="0"/>
  <testcase name="When In Company management screen, I click page 2 on paging" classname="| Company Management | Common | 2 |" time="0"/>
  <testcase name="Then The table company should change to selected page 2" classname="| Company Management | Common | 2 |" time="0"/>
  <testcase name="Then The table company should change to selected page 2" classname="| Company Management | Common | 2 |" time="0"/>
  <testcase name="When In Company management screen, I click button next" classname="| Company Management | Common | 2 |" time="0"/>
  <testcase name="Then The table company should change to selected page 2 + 1" classname="| Company Management | Common | 2 |" time="0"/>
  <testcase name="When In Company management screen, I click button back" classname="| Company Management | Common | 2 |" time="0"/>
  <testcase name="| Company Management | Common | 2 |" classname="| Company Management | Common | 2 |" time="1.25"/>
  <testcase name="When I open submenu Company Management of menu Common" classname="| Company Management | Common | aaaaa | a |" time="0"/>
  <testcase name="And I fill value aaaaa for input search in Company management screen" classname="| Company Management | Common | aaaaa | a |" time="0"/>
  <testcase name="And In Company management screen, I click button Search" classname="| Company Management | Common | aaaaa | a |" time="0"/>
  <testcase name="And In Company management screen, I click button Search" classname="| Company Management | Common | aaaaa | a |" time="0"/>
  <testcase name="Then In Company management screen, the system should show table company with no record found" classname="| Company Management | Common | aaaaa | a |" time="0"/>
  <testcase name="When I fill value a for input search in Company management screen" classname="| Company Management | Common | aaaaa | a |" time="0"/>
  <testcase name="Then The system should show table company with record found" classname="| Company Management | Common | aaaaa | a |" time="0"/>
  <testcase name="| Company Management | Common | aaaaa | a |" classname="| Company Management | Common | aaaaa | a |" time="1.584"/>
  <testcase name="When I open submenu Company Management of menu Common" classname="| Company Management | Common | a | Company name | Customer code | Head office | Work type | 東京都 | ソフトウェア |" time="0"/>
  <testcase name="And In Company management screen, I fill value &apos;a&apos; for filter in column &apos;Company name&apos;" classname="| Company Management | Common | a | Company name | Customer code | Head office | Work type | 東京都 | ソフトウェア |" time="0"/>
  <testcase name="Then Table Company should show only records contain text &apos;a&apos; in column &apos;Company name&apos;" classname="| Company Management | Common | a | Company name | Customer code | Head office | Work type | 東京都 | ソフトウェア |" time="0"/>
  <testcase name="Then Table Company should show only records contain text &apos;a&apos; in column &apos;Company name&apos;" classname="| Company Management | Common | a | Company name | Customer code | Head office | Work type | 東京都 | ソフトウェア |" time="0"/>
  <testcase name="When In Company management screen, I fill value &apos;a&apos; for filter in column &apos;Company name&apos; and enter" classname="| Company Management | Common | a | Company name | Customer code | Head office | Work type | 東京都 | ソフトウェア |" time="0"/>
  <testcase name="When In Company management screen, I fill value &apos;a&apos; for filter in column &apos;Customer code&apos;" classname="| Company Management | Common | a | Company name | Customer code | Head office | Work type | 東京都 | ソフトウェア |" time="0"/>
  <testcase name="Then Table Company should show only records contain text &apos;a&apos; in column &apos;Customer code&apos;" classname="| Company Management | Common | a | Company name | Customer code | Head office | Work type | 東京都 | ソフトウェア |" time="0"/>
  <testcase name="Then Table Company should show only records contain text &apos;a&apos; in column &apos;Customer code&apos;" classname="| Company Management | Common | a | Company name | Customer code | Head office | Work type | 東京都 | ソフトウェア |" time="0"/>
  <testcase name="When In Company management screen, I fill value &apos;a&apos; for filter in column &apos;Customer code&apos; and enter" classname="| Company Management | Common | a | Company name | Customer code | Head office | Work type | 東京都 | ソフトウェア |" time="0"/>
  <testcase name="When In Company management screen, I choose value &apos;東京都&apos; for dropdown filter in column &apos;Head office&apos;" classname="| Company Management | Common | a | Company name | Customer code | Head office | Work type | 東京都 | ソフトウェア |" time="0.001"/>
  <testcase name="Then Table Company should show only records contain text &apos;東京都&apos; in column &apos;Head office&apos;" classname="| Company Management | Common | a | Company name | Customer code | Head office | Work type | 東京都 | ソフトウェア |" time="0"/>
  <testcase name="When In Company management screen, I choose value &apos;ソフトウェア&apos; for dropdown filter in column &apos;Work type&apos;" classname="| Company Management | Common | a | Company name | Customer code | Head office | Work type | 東京都 | ソフトウェア |" time="0"/>
  <testcase name="Then Table Company should show only records contain text &apos;ソフトウェア&apos; in column &apos;Work type&apos;" classname="| Company Management | Common | a | Company name | Customer code | Head office | Work type | 東京都 | ソフトウェア |" time="0"/>
  <testcase name="| Company Management | Common | a | Company name | Customer code | Head office | Work type | 東京都 | ソフトウェア |" classname="| Company Management | Common | a | Company name | Customer code | Head office | Work type | 東京都 | ソフトウェア |" time="1.391"/>
  <testcase name="Given A list of column title need toggle in Company management" classname="| Company Management | Common | Company name | Customer code | Head office | Work type | Listed | Website | ASC | DESC |" time="0"/>
  <testcase name="When I open submenu Company Management of menu Common" classname="| Company Management | Common | Company name | Customer code | Head office | Work type | Listed | Website | ASC | DESC |" time="0"/>
  <testcase name="And I open toggle menu in table company" classname="| Company Management | Common | Company name | Customer code | Head office | Work type | Listed | Website | ASC | DESC |" time="0"/>
  <testcase name="And I toggle all column in table company" classname="| Company Management | Common | Company name | Customer code | Head office | Work type | Listed | Website | ASC | DESC |" time="0"/>
  <testcase name="And In Company management screen, I sort Company name column by ASC" classname="| Company Management | Common | Company name | Customer code | Head office | Work type | Listed | Website | ASC | DESC |" time="0"/>
  <testcase name="Then The system should show table company sorted by column Company name and ASC" classname="| Company Management | Common | Company name | Customer code | Head office | Work type | Listed | Website | ASC | DESC |" time="0"/>
  <testcase name="When In Company management screen, I sort Company name column by ASC" classname="| Company Management | Common | Company name | Customer code | Head office | Work type | Listed | Website | ASC | DESC |" time="0"/>
  <testcase name="Then The system should show table company sorted by column Company name and DESC" classname="| Company Management | Common | Company name | Customer code | Head office | Work type | Listed | Website | ASC | DESC |" time="0.001"/>
  <testcase name="When In Company management screen, I sort Customer code column by ASC" classname="| Company Management | Common | Company name | Customer code | Head office | Work type | Listed | Website | ASC | DESC |" time="0"/>
  <testcase name="When In Company management screen, I sort Customer code column by ASC" classname="| Company Management | Common | Company name | Customer code | Head office | Work type | Listed | Website | ASC | DESC |" time="0"/>
  <testcase name="Then The system should show table company sorted by column Customer code and ASC" classname="| Company Management | Common | Company name | Customer code | Head office | Work type | Listed | Website | ASC | DESC |" time="0"/>
  <testcase name="Then The system should show table company sorted by column Customer code and DESC" classname="| Company Management | Common | Company name | Customer code | Head office | Work type | Listed | Website | ASC | DESC |" time="0"/>
  <testcase name="When In Company management screen, I sort Head office column by ASC" classname="| Company Management | Common | Company name | Customer code | Head office | Work type | Listed | Website | ASC | DESC |" time="0"/>
  <testcase name="Then The system should show table company sorted by column Head office and ASC" classname="| Company Management | Common | Company name | Customer code | Head office | Work type | Listed | Website | ASC | DESC |" time="0"/>
  <testcase name="When In Company management screen, I sort Head office column by DESC" classname="| Company Management | Common | Company name | Customer code | Head office | Work type | Listed | Website | ASC | DESC |" time="0"/>
  <testcase name="Then The system should show table company sorted by column Head office and DESC" classname="| Company Management | Common | Company name | Customer code | Head office | Work type | Listed | Website | ASC | DESC |" time="0"/>
  <testcase name="When In Company management screen, I sort Work type column by ASC" classname="| Company Management | Common | Company name | Customer code | Head office | Work type | Listed | Website | ASC | DESC |" time="0.001"/>
  <testcase name="Then The system should show table company sorted by column Work type and ASC" classname="| Company Management | Common | Company name | Customer code | Head office | Work type | Listed | Website | ASC | DESC |" time="0"/>
  <testcase name="When In Company management screen, I sort Work type column by DESC" classname="| Company Management | Common | Company name | Customer code | Head office | Work type | Listed | Website | ASC | DESC |" time="0"/>
  <testcase name="Then The system should show table company sorted by column Work type and DESC" classname="| Company Management | Common | Company name | Customer code | Head office | Work type | Listed | Website | ASC | DESC |" time="0"/>
  <testcase name="When In Company management screen, I sort Listed column by ASC" classname="| Company Management | Common | Company name | Customer code | Head office | Work type | Listed | Website | ASC | DESC |" time="0"/>
  <testcase name="When In Company management screen, I sort Listed column by ASC" classname="| Company Management | Common | Company name | Customer code | Head office | Work type | Listed | Website | ASC | DESC |" time="0"/>
  <testcase name="Then The system should show table company sorted by column Listed and ASC" classname="| Company Management | Common | Company name | Customer code | Head office | Work type | Listed | Website | ASC | DESC |" time="0"/>
  <testcase name="Then The system should show table company sorted by column Listed and DESC" classname="| Company Management | Common | Company name | Customer code | Head office | Work type | Listed | Website | ASC | DESC |" time="0"/>
  <testcase name="When In Company management screen, I sort Website column by ASC" classname="| Company Management | Common | Company name | Customer code | Head office | Work type | Listed | Website | ASC | DESC |" time="0"/>
  <testcase name="When In Company management screen, I sort Website column by ASC" classname="| Company Management | Common | Company name | Customer code | Head office | Work type | Listed | Website | ASC | DESC |" time="0"/>
  <testcase name="Then The system should show table company sorted by column Website and ASC" classname="| Company Management | Common | Company name | Customer code | Head office | Work type | Listed | Website | ASC | DESC |" time="0"/>
  <testcase name="Then The system should show table company sorted by column Website and DESC" classname="| Company Management | Common | Company name | Customer code | Head office | Work type | Listed | Website | ASC | DESC |" time="0"/>
  <testcase name="| Company Management | Common | Company name | Customer code | Head office | Work type | Listed | Website | ASC | DESC |" classname="| Company Management | Common | Company name | Customer code | Head office | Work type | Listed | Website | ASC | DESC |" time="1.41"/>
  <testcase name="When I open submenu Company Management of menu Common" classname="| Company Management | Common | Test company | Save | Test company | Company name |" time="0"/>
  <testcase name="When I open submenu Company Management of menu Common" classname="| Company Management | Common | Test company | Save | Test company | Company name |" time="0"/>
  <testcase name="And I create new company with name &apos;Test company&apos;" classname="| Company Management | Common | Test company | Save | Test company | Company name |" time="0"/>
  <testcase name="And I create new company with name &apos;Test company&apos;" classname="| Company Management | Common | Test company | Save | Test company | Company name |" time="0"/>
  <testcase name="And I input company detail as below" classname="| Company Management | Common | Test company | Save | Test company | Company name |" time="0"/>
  <testcase name="And I input company detail as below" classname="| Company Management | Common | Test company | Save | Test company | Company name |" time="0"/>
  <testcase name="And In Company Detail screen, I click &apos;Save&apos; button" classname="| Company Management | Common | Test company | Save | Test company | Company name |" time="0"/>
  <testcase name="And In Company Detail screen, I click &apos;Save&apos; button" classname="| Company Management | Common | Test company | Save | Test company | Company name |" time="0"/>
  <testcase name="Then The system should save company success" classname="| Company Management | Common | Test company | Save | Test company | Company name |" time="0"/>
  <testcase name="Then The system should save company success" classname="| Company Management | Common | Test company | Save | Test company | Company name |" time="0"/>
  <testcase name="When In Company management screen, I fill value &apos;Test company&apos; for filter in column &apos;Company name&apos;" classname="| Company Management | Common | Test company | Save | Test company | Company name |" time="0"/>
  <testcase name="When In Company management screen, I fill value &apos;Test company&apos; for filter in column &apos;Company name&apos;" classname="| Company Management | Common | Test company | Save | Test company | Company name |" time="0"/>
  <testcase name="Then The system should show table company with record found" classname="| Company Management | Common | Test company | Save | Test company | Company name |" time="0"/>
  <testcase name="Then The system should show table company with record found" classname="| Company Management | Common | Test company | Save | Test company | Company name |" time="0"/>
  <testcase name="| Company Management | Common | Test company | Save | Test company | Company name |" classname="| Company Management | Common | Test company | Save | Test company | Company name |" time="1.415"/>
  <testcase name="| Company Management | Common | Test company | Save | Test company | Company name |" classname="| Company Management | Common | Test company | Save | Test company | Company name |" time="1.49"/>
  <testcase name="When I open submenu Company Management of menu Common" classname="| Company Management | Common | Test company | Company name | 0 |" time="0"/>
  <testcase name="When I open submenu Company Management of menu Common" classname="| Company Management | Common | Test company | Company name | 0 |" time="0"/>
  <testcase name="And In Company management screen, I fill value &apos;Test company&apos; for filter in column &apos;Company name&apos;" classname="| Company Management | Common | Test company | Company name | 0 |" time="0"/>
  <testcase name="And In Company management screen, I fill value &apos;Test company&apos; for filter in column &apos;Company name&apos;" classname="| Company Management | Common | Test company | Company name | 0 |" time="0"/>
  <testcase name="And In Company management screen, I select row &apos;0&apos;" classname="| Company Management | Common | Test company | Company name | 0 |" time="0"/>
  <testcase name="And In Company management screen, I select row &apos;0&apos;" classname="| Company Management | Common | Test company | Company name | 0 |" time="0"/>
  <testcase name="Then In Company management screen, the system should show button delete" classname="| Company Management | Common | Test company | Company name | 0 |" time="0"/>
  <testcase name="When In Company management screen, I click button Delete" classname="| Company Management | Common | Test company | Company name | 0 |" time="0"/>
  <testcase name="And In Company management screen, I confirm delete company" classname="| Company Management | Common | Test company | Company name | 0 |" time="0"/>
  <testcase name="Then The system should save company success" classname="| Company Management | Common | Test company | Company name | 0 |" time="0"/>
  <testcase name="| Company Management | Common | Test company | Company name | 0 |" classname="| Company Management | Common | Test company | Company name | 0 |" time="1.334"/>
  <testcase name="| Company Management | Common | Test company | Company name | 0 |" classname="| Company Management | Common | Test company | Company name | 0 |" time="1.447"/>
  <testcase name="And In Company management screen, I click button Edit" classname="| Company Management | Common | Test company | Company name | 0 |" time="0"/>
  <testcase name="And In Company Detail screen, I view recent activities with company" classname="| Company Management | Common | Test company | Company name | 0 |" time="0"/>
  <testcase name="Then The system should open recent activities screen" classname="| Company Management | Common | Test company | Company name | 0 |" time="0.001"/>
  <testcase name="When In Company Detail screen, I close recent activities screen" classname="| Company Management | Common | Test company | Company name | 0 |" time="0"/>
  <testcase name="And In Company Detail screen, I click button back" classname="| Company Management | Common | Test company | Company name | 0 |" time="0"/>
  <testcase name="Then The system should show table company with record found" classname="| Company Management | Common | Test company | Company name | 0 |" time="0"/>
  <testcase name="When I open submenu Company Management of menu Common" classname="| Company Management | Common | 0 | Save |" time="0"/>
  <testcase name="And In Company management screen, I select row &apos;0&apos;" classname="| Company Management | Common | 0 | Save |" time="0"/>
  <testcase name="And In Company management screen, I click button Edit" classname="| Company Management | Common | 0 | Save |" time="0"/>
  <testcase name="And In Company Detail screen, I click &apos;Save&apos; button" classname="| Company Management | Common | 0 | Save |" time="0"/>
  <testcase name="Then The system should save company success" classname="| Company Management | Common | 0 | Save |" time="0"/>
  <testcase name="| Company Management | Common | 0 | Save |" classname="| Company Management | Common | 0 | Save |" time="1.49"/>
  <testcase name="When I open submenu Company Management of menu Common" classname="| Company Management | Common | Test company | Company name | 0 | Save | Test company edited |" time="0"/>
  <testcase name="And In Company management screen, I fill value &apos;Test company&apos; for filter in column &apos;Company name&apos;" classname="| Company Management | Common | Test company | Company name | 0 | Save | Test company edited |" time="0"/>
  <testcase name="And In Company management screen, I select row &apos;0&apos;" classname="| Company Management | Common | Test company | Company name | 0 | Save | Test company edited |" time="0"/>
  <testcase name="And I edit company with name Test company edited" classname="| Company Management | Common | Test company | Company name | 0 | Save | Test company edited |" time="0"/>
  <testcase name="And I input company detail as below" classname="| Company Management | Common | Test company | Company name | 0 | Save | Test company edited |" time="0"/>
  <testcase name="And In Company Detail screen, I click &apos;Save&apos; button" classname="| Company Management | Common | Test company | Company name | 0 | Save | Test company edited |" time="0"/>
  <testcase name="Then The system should save company success" classname="| Company Management | Common | Test company | Company name | 0 | Save | Test company edited |" time="0"/>
  <testcase name="| Company Management | Common | Test company | Company name | 0 | Save | Test company edited |" classname="| Company Management | Common | Test company | Company name | 0 | Save | Test company edited |" time="1.42"/>
  <testcase name="When I open submenu Company Management of menu Common" classname="| Company Management | Common | Test company | Company name | 0 | Save | Test company |" time="0"/>
  <testcase name="And In Company management screen, I fill value &apos;Test company&apos; for filter in column &apos;Company name&apos;" classname="| Company Management | Common | Test company | Company name | 0 | Save | Test company |" time="0"/>
  <testcase name="And In Company management screen, I select row &apos;0&apos;" classname="| Company Management | Common | Test company | Company name | 0 | Save | Test company |" time="0"/>
  <testcase name="And I edit company with name Test company" classname="| Company Management | Common | Test company | Company name | 0 | Save | Test company |" time="0"/>
  <testcase name="And I input company detail as below" classname="| Company Management | Common | Test company | Company name | 0 | Save | Test company |" time="0"/>
  <testcase name="And In Company Detail screen, I click &apos;Save&apos; button" classname="| Company Management | Common | Test company | Company name | 0 | Save | Test company |" time="0"/>
  <testcase name="Then The system should save company success" classname="| Company Management | Common | Test company | Company name | 0 | Save | Test company |" time="0"/>
  <testcase name="| Company Management | Common | Test company | Company name | 0 | Save | Test company |" classname="| Company Management | Common | Test company | Company name | 0 | Save | Test company |" time="1.545"/>
  <testcase name="When I open submenu Company Management of menu Common" classname="| Company Management | Common | z999 | Customer code | 0 |" time="0"/>
  <testcase name="And In Company management screen, I fill value &apos;z999&apos; for filter in column &apos;Customer code&apos;" classname="| Company Management | Common | z999 | Customer code | 0 |" time="0"/>
  <testcase name="And In Company management screen, I select row &apos;0&apos;" classname="| Company Management | Common | z999 | Customer code | 0 |" time="0"/>
  <testcase name="Then In Company management screen, the system should show button delete" classname="| Company Management | Common | z999 | Customer code | 0 |" time="0"/>
  <testcase name="When In Company management screen, I click button Delete" classname="| Company Management | Common | z999 | Customer code | 0 |" time="0"/>
  <testcase name="And In Company management screen, I confirm delete company" classname="| Company Management | Common | z999 | Customer code | 0 |" time="0.001"/>
  <testcase name="Then The system should save company success" classname="| Company Management | Common | z999 | Customer code | 0 |" time="0"/>
  <testcase name="| Company Management | Common | z999 | Customer code | 0 |" classname="| Company Management | Common | z999 | Customer code | 0 |" time="1.302"/>
  <testcase name="When I open Login page" classname="| 22000001 | 123456 | en | Company Management | Common |" time="0"/>
  <testcase name="And I input my credentials username 22000001 and password 123456" classname="| 22000001 | 123456 | en | Company Management | Common |" time="0"/>
  <testcase name="And I change language to en" classname="| 22000001 | 123456 | en | Company Management | Common |" time="0.001">
    <error message="Timed out after 0 seconds. Element not found&#10;For documentation on this error, please visit: http://seleniumhq.org/exceptions/no_such_element.html&#10;Build info: version: &apos;2.53.1&apos;, revision: &apos;a36b8b1cd5757287168e54b817830adce9b0158d&apos;, time: &apos;2016-06-30 19:26:09&apos;&#10;System info: host: &apos;NgocPT&apos;, ip: &apos;172.17.0.1&apos;, os.name: &apos;Linux&apos;, os.arch: &apos;amd64&apos;, os.version: &apos;3.19.0-42-generic&apos;, java.version: &apos;1.8.0_66&apos;&#10;Driver info: driver.version: unknown" type="net.serenitybdd.core.exceptions.SerenityManagedException"><![CDATA[net.serenitybdd.core.exceptions.SerenityManagedException: Timed out after 0 seconds. Element not found
For documentation on this error, please visit: http://seleniumhq.org/exceptions/no_such_element.html
Build info: version: '2.53.1', revision: 'a36b8b1cd5757287168e54b817830adce9b0158d', time: '2016-06-30 19:26:09'
System info: host: 'NgocPT', ip: '172.17.0.1', os.name: 'Linux', os.arch: 'amd64', os.version: '3.19.0-42-generic', java.version: '1.8.0_66'
Driver info: driver.version: unknown
	at net.thucydides.core.annotations.locators.SmartAjaxElementLocator.ajaxFindElement(SmartAjaxElementLocator.java:145)
	at net.thucydides.core.annotations.locators.SmartAjaxElementLocator.findElement(SmartAjaxElementLocator.java:93)
	at net.serenitybdd.core.pages.WebElementFacadeImpl.getElement(WebElementFacadeImpl.java:144)
	at net.serenitybdd.core.pages.WebElementFacadeImpl.findBy(WebElementFacadeImpl.java:179)
	at sun.reflect.GeneratedMethodAccessor138.invoke(Unknown Source)
	at sun.reflect.DelegatingMethodAccessorImpl.invoke(DelegatingMethodAccessorImpl.java:43)
	at java.lang.reflect.Method.invoke(Method.java:497)
	at net.thucydides.core.annotations.locators.AbstractSingleItemHandler.invoke(AbstractSingleItemHandler.java:45)
	at com.sun.proxy.$Proxy26.findBy(Unknown Source)
	at my.lib.serenity.primefaces.sars.page.TopPage.change_locale_and_wait(TopPage.java:35)
	at my.lib.serenity.primefaces.sars.steps.LoginSteps.change_locale(LoginSteps.java:45)
	at my.lib.serenity.primefaces.sars.steps.LoginSteps$$EnhancerByCGLIB$$c0e113c2.CGLIB$change_locale$3(<generated>)
	at my.lib.serenity.primefaces.sars.steps.LoginSteps$$EnhancerByCGLIB$$c0e113c2$$FastClassByCGLIB$$4318e345.invoke(<generated>)
	at net.sf.cglib.proxy.MethodProxy.invokeSuper(MethodProxy.java:228)
	at net.thucydides.core.steps.BaseMethodRunner.invokeMethod(BaseMethodRunner.java:10)
	at net.thucydides.core.steps.NormalMethodRunner.invokeMethodAndNotifyFailures(NormalMethodRunner.java:20)
	at net.thucydides.core.steps.StepInterceptor.runNormalMethod(StepInterceptor.java:269)
	at net.thucydides.core.steps.StepInterceptor.testStepResult(StepInterceptor.java:127)
	at net.thucydides.core.steps.StepInterceptor.intercept(StepInterceptor.java:61)
	at my.lib.serenity.primefaces.sars.steps.LoginSteps$$EnhancerByCGLIB$$c0e113c2.change_locale(<generated>)
	at my.lib.serenity.primefaces.sars.definition.LoginFeatureScenarioSteps.when_I_change_language_to(LoginFeatureScenarioSteps.java:39)
	at sun.reflect.NativeMethodAccessorImpl.invoke0(Native Method)
	at sun.reflect.NativeMethodAccessorImpl.invoke(NativeMethodAccessorImpl.java:62)
	at sun.reflect.DelegatingMethodAccessorImpl.invoke(DelegatingMethodAccessorImpl.java:43)
	at java.lang.reflect.Method.invoke(Method.java:497)
	at cucumber.runtime.Utils$1.call(Utils.java:37)
	at cucumber.runtime.Timeout.timeout(Timeout.java:13)
	at cucumber.runtime.Utils.invoke(Utils.java:31)
	at cucumber.runtime.java.JavaStepDefinition.execute(JavaStepDefinition.java:38)
	at cucumber.runtime.StepDefinitionMatch.runStep(StepDefinitionMatch.java:37)
	at cucumber.runtime.Runtime.runStep(Runtime.java:299)
	at cucumber.runtime.model.StepContainer.runStep(StepContainer.java:44)
	at cucumber.runtime.model.StepContainer.runSteps(StepContainer.java:39)
	at cucumber.runtime.model.CucumberScenario.run(CucumberScenario.java:44)
	at cucumber.runtime.junit.ExecutionUnitRunner.run(ExecutionUnitRunner.java:91)
	at org.junit.runners.Suite.runChild(Suite.java:128)
	at org.junit.runners.Suite.runChild(Suite.java:27)
	at org.junit.runners.ParentRunner$3.run(ParentRunner.java:290)
	at org.junit.runners.ParentRunner$1.schedule(ParentRunner.java:71)
	at org.junit.runners.ParentRunner.runChildren(ParentRunner.java:288)
	at org.junit.runners.ParentRunner.access$000(ParentRunner.java:58)
	at org.junit.runners.ParentRunner$2.evaluate(ParentRunner.java:268)
	at org.junit.runners.ParentRunner.run(ParentRunner.java:363)
	at cucumber.runtime.junit.ExamplesRunner.run(ExamplesRunner.java:59)
	at org.junit.runners.Suite.runChild(Suite.java:128)
	at org.junit.runners.Suite.runChild(Suite.java:27)
	at org.junit.runners.ParentRunner$3.run(ParentRunner.java:290)
	at org.junit.runners.ParentRunner$1.schedule(ParentRunner.java:71)
	at org.junit.runners.ParentRunner.runChildren(ParentRunner.java:288)
	at org.junit.runners.ParentRunner.access$000(ParentRunner.java:58)
	at org.junit.runners.ParentRunner$2.evaluate(ParentRunner.java:268)
	at org.junit.runners.ParentRunner.run(ParentRunner.java:363)
	at cucumber.runtime.junit.ScenarioOutlineRunner.run(ScenarioOutlineRunner.java:53)
	at cucumber.runtime.junit.FeatureRunner.runChild(FeatureRunner.java:63)
	at cucumber.runtime.junit.FeatureRunner.runChild(FeatureRunner.java:18)
	at org.junit.runners.ParentRunner$3.run(ParentRunner.java:290)
	at org.junit.runners.ParentRunner$1.schedule(ParentRunner.java:71)
	at org.junit.runners.ParentRunner.runChildren(ParentRunner.java:288)
	at org.junit.runners.ParentRunner.access$000(ParentRunner.java:58)
	at org.junit.runners.ParentRunner$2.evaluate(ParentRunner.java:268)
	at org.junit.runners.ParentRunner.run(ParentRunner.java:363)
	at cucumber.runtime.junit.FeatureRunner.run(FeatureRunner.java:70)
	at cucumber.api.junit.Cucumber.runChild(Cucumber.java:93)
	at cucumber.api.junit.Cucumber.runChild(Cucumber.java:37)
	at org.junit.runners.ParentRunner$3.run(ParentRunner.java:290)
	at org.junit.runners.ParentRunner$1.schedule(ParentRunner.java:71)
	at org.junit.runners.ParentRunner.runChildren(ParentRunner.java:288)
	at org.junit.runners.ParentRunner.access$000(ParentRunner.java:58)
	at org.junit.runners.ParentRunner$2.evaluate(ParentRunner.java:268)
	at org.junit.runners.ParentRunner.run(ParentRunner.java:363)
	at cucumber.api.junit.Cucumber.run(Cucumber.java:98)
	at org.apache.maven.surefire.junit4.JUnit4Provider.execute(JUnit4Provider.java:283)
	at org.apache.maven.surefire.junit4.JUnit4Provider.executeWithRerun(JUnit4Provider.java:173)
	at org.apache.maven.surefire.junit4.JUnit4Provider.executeTestSet(JUnit4Provider.java:153)
	at org.apache.maven.surefire.junit4.JUnit4Provider.invoke(JUnit4Provider.java:128)
	at org.apache.maven.surefire.booter.ForkedBooter.invokeProviderInSameClassLoader(ForkedBooter.java:203)
	at org.apache.maven.surefire.booter.ForkedBooter.runSuitesInProcess(ForkedBooter.java:155)
	at org.apache.maven.surefire.booter.ForkedBooter.main(ForkedBooter.java:103)
]]></error>
  </testcase>
  <testcase name="| 22000001 | 123456 | en | Company Management | Common |" classname="| 22000001 | 123456 | en | Company Management | Common |" time="0.001">
    <error message="Timed out after 0 seconds. Element not found&#10;For documentation on this error, please visit: http://seleniumhq.org/exceptions/no_such_element.html&#10;Build info: version: &apos;2.53.1&apos;, revision: &apos;a36b8b1cd5757287168e54b817830adce9b0158d&apos;, time: &apos;2016-06-30 19:26:09&apos;&#10;System info: host: &apos;NgocPT&apos;, ip: &apos;172.17.0.1&apos;, os.name: &apos;Linux&apos;, os.arch: &apos;amd64&apos;, os.version: &apos;3.19.0-42-generic&apos;, java.version: &apos;1.8.0_66&apos;&#10;Driver info: driver.version: unknown" type="net.serenitybdd.core.exceptions.SerenityManagedException"><![CDATA[net.serenitybdd.core.exceptions.SerenityManagedException: Timed out after 0 seconds. Element not found
For documentation on this error, please visit: http://seleniumhq.org/exceptions/no_such_element.html
Build info: version: '2.53.1', revision: 'a36b8b1cd5757287168e54b817830adce9b0158d', time: '2016-06-30 19:26:09'
System info: host: 'NgocPT', ip: '172.17.0.1', os.name: 'Linux', os.arch: 'amd64', os.version: '3.19.0-42-generic', java.version: '1.8.0_66'
Driver info: driver.version: unknown
	at net.thucydides.core.annotations.locators.SmartAjaxElementLocator.ajaxFindElement(SmartAjaxElementLocator.java:145)
	at net.thucydides.core.annotations.locators.SmartAjaxElementLocator.findElement(SmartAjaxElementLocator.java:93)
	at net.serenitybdd.core.pages.WebElementFacadeImpl.getElement(WebElementFacadeImpl.java:144)
	at net.serenitybdd.core.pages.WebElementFacadeImpl.findBy(WebElementFacadeImpl.java:179)
	at sun.reflect.GeneratedMethodAccessor138.invoke(Unknown Source)
	at sun.reflect.DelegatingMethodAccessorImpl.invoke(DelegatingMethodAccessorImpl.java:43)
	at java.lang.reflect.Method.invoke(Method.java:497)
	at net.thucydides.core.annotations.locators.AbstractSingleItemHandler.invoke(AbstractSingleItemHandler.java:45)
	at com.sun.proxy.$Proxy26.findBy(Unknown Source)
	at my.lib.serenity.primefaces.sars.page.TopPage.change_locale_and_wait(TopPage.java:35)
	at my.lib.serenity.primefaces.sars.steps.LoginSteps.change_locale(LoginSteps.java:45)
	at my.lib.serenity.primefaces.sars.steps.LoginSteps$$EnhancerByCGLIB$$c0e113c2.CGLIB$change_locale$3(<generated>)
	at my.lib.serenity.primefaces.sars.steps.LoginSteps$$EnhancerByCGLIB$$c0e113c2$$FastClassByCGLIB$$4318e345.invoke(<generated>)
	at net.sf.cglib.proxy.MethodProxy.invokeSuper(MethodProxy.java:228)
	at net.thucydides.core.steps.BaseMethodRunner.invokeMethod(BaseMethodRunner.java:10)
	at net.thucydides.core.steps.NormalMethodRunner.invokeMethodAndNotifyFailures(NormalMethodRunner.java:20)
	at net.thucydides.core.steps.StepInterceptor.runNormalMethod(StepInterceptor.java:269)
	at net.thucydides.core.steps.StepInterceptor.testStepResult(StepInterceptor.java:127)
	at net.thucydides.core.steps.StepInterceptor.intercept(StepInterceptor.java:61)
	at my.lib.serenity.primefaces.sars.steps.LoginSteps$$EnhancerByCGLIB$$c0e113c2.change_locale(<generated>)
	at my.lib.serenity.primefaces.sars.definition.LoginFeatureScenarioSteps.when_I_change_language_to(LoginFeatureScenarioSteps.java:39)
	at sun.reflect.NativeMethodAccessorImpl.invoke0(Native Method)
	at sun.reflect.NativeMethodAccessorImpl.invoke(NativeMethodAccessorImpl.java:62)
	at sun.reflect.DelegatingMethodAccessorImpl.invoke(DelegatingMethodAccessorImpl.java:43)
	at java.lang.reflect.Method.invoke(Method.java:497)
	at cucumber.runtime.Utils$1.call(Utils.java:37)
	at cucumber.runtime.Timeout.timeout(Timeout.java:13)
	at cucumber.runtime.Utils.invoke(Utils.java:31)
	at cucumber.runtime.java.JavaStepDefinition.execute(JavaStepDefinition.java:38)
	at cucumber.runtime.StepDefinitionMatch.runStep(StepDefinitionMatch.java:37)
	at cucumber.runtime.Runtime.runStep(Runtime.java:299)
	at cucumber.runtime.model.StepContainer.runStep(StepContainer.java:44)
	at cucumber.runtime.model.StepContainer.runSteps(StepContainer.java:39)
	at cucumber.runtime.model.CucumberScenario.run(CucumberScenario.java:44)
	at cucumber.runtime.junit.ExecutionUnitRunner.run(ExecutionUnitRunner.java:91)
	at org.junit.runners.Suite.runChild(Suite.java:128)
	at org.junit.runners.Suite.runChild(Suite.java:27)
	at org.junit.runners.ParentRunner$3.run(ParentRunner.java:290)
	at org.junit.runners.ParentRunner$1.schedule(ParentRunner.java:71)
	at org.junit.runners.ParentRunner.runChildren(ParentRunner.java:288)
	at org.junit.runners.ParentRunner.access$000(ParentRunner.java:58)
	at org.junit.runners.ParentRunner$2.evaluate(ParentRunner.java:268)
	at org.junit.runners.ParentRunner.run(ParentRunner.java:363)
	at cucumber.runtime.junit.ExamplesRunner.run(ExamplesRunner.java:59)
	at org.junit.runners.Suite.runChild(Suite.java:128)
	at org.junit.runners.Suite.runChild(Suite.java:27)
	at org.junit.runners.ParentRunner$3.run(ParentRunner.java:290)
	at org.junit.runners.ParentRunner$1.schedule(ParentRunner.java:71)
	at org.junit.runners.ParentRunner.runChildren(ParentRunner.java:288)
	at org.junit.runners.ParentRunner.access$000(ParentRunner.java:58)
	at org.junit.runners.ParentRunner$2.evaluate(ParentRunner.java:268)
	at org.junit.runners.ParentRunner.run(ParentRunner.java:363)
	at cucumber.runtime.junit.ScenarioOutlineRunner.run(ScenarioOutlineRunner.java:53)
	at cucumber.runtime.junit.FeatureRunner.runChild(FeatureRunner.java:63)
	at cucumber.runtime.junit.FeatureRunner.runChild(FeatureRunner.java:18)
	at org.junit.runners.ParentRunner$3.run(ParentRunner.java:290)
	at org.junit.runners.ParentRunner$1.schedule(ParentRunner.java:71)
	at org.junit.runners.ParentRunner.runChildren(ParentRunner.java:288)
	at org.junit.runners.ParentRunner.access$000(ParentRunner.java:58)
	at org.junit.runners.ParentRunner$2.evaluate(ParentRunner.java:268)
	at org.junit.runners.ParentRunner.run(ParentRunner.java:363)
	at cucumber.runtime.junit.FeatureRunner.run(FeatureRunner.java:70)
	at cucumber.api.junit.Cucumber.runChild(Cucumber.java:93)
	at cucumber.api.junit.Cucumber.runChild(Cucumber.java:37)
	at org.junit.runners.ParentRunner$3.run(ParentRunner.java:290)
	at org.junit.runners.ParentRunner$1.schedule(ParentRunner.java:71)
	at org.junit.runners.ParentRunner.runChildren(ParentRunner.java:288)
	at org.junit.runners.ParentRunner.access$000(ParentRunner.java:58)
	at org.junit.runners.ParentRunner$2.evaluate(ParentRunner.java:268)
	at org.junit.runners.ParentRunner.run(ParentRunner.java:363)
	at cucumber.api.junit.Cucumber.run(Cucumber.java:98)
	at org.apache.maven.surefire.junit4.JUnit4Provider.execute(JUnit4Provider.java:283)
	at org.apache.maven.surefire.junit4.JUnit4Provider.executeWithRerun(JUnit4Provider.java:173)
	at org.apache.maven.surefire.junit4.JUnit4Provider.executeTestSet(JUnit4Provider.java:153)
	at org.apache.maven.surefire.junit4.JUnit4Provider.invoke(JUnit4Provider.java:128)
	at org.apache.maven.surefire.booter.ForkedBooter.invokeProviderInSameClassLoader(ForkedBooter.java:203)
	at org.apache.maven.surefire.booter.ForkedBooter.runSuitesInProcess(ForkedBooter.java:155)
	at org.apache.maven.surefire.booter.ForkedBooter.main(ForkedBooter.java:103)
]]></error>
  </testcase>
  <testcase name="And I open submenu Company Management of menu Common" classname="| 22000001 | 123456 | en | Company Management | Common |" time="0">
    <skipped/>
  </testcase>
  <testcase name="Then In Company management screen, the system should not show button delete" classname="| 22000001 | 123456 | en | Company Management | Common |" time="0">
    <skipped/>
  </testcase>
  <testcase name="When I logout from system" classname="Scenario: logout from system" time="0"/>
  <testcase name="Scenario: logout from system" classname="Scenario: logout from system" time="0.21"/>
  <testcase name="When I open submenu Company Management of menu Common" classname="| Company Management | Common | Test company | Reset |" time="0"/>
  <testcase name="And I create new company with name &apos;Test company&apos;" classname="| Company Management | Common | Test company | Reset |" time="0"/>
  <testcase name="And I input company detail as below" classname="| Company Management | Common | Test company | Reset |" time="0"/>
  <testcase name="And In Company Detail screen, I click &apos;Reset&apos; button" classname="| Company Management | Common | Test company | Reset |" time="0"/>
  <testcase name="Then The system should show initialization screen of Company details" classname="| Company Management | Common | Test company | Reset |" time="0"/>
  <testcase name="| Company Management | Common | Test company | Reset |" classname="| Company Management | Common | Test company | Reset |" time="1.439"/>
  <testcase name="When I open submenu Company Management of menu Common" classname="| Company Management | Common | Test company |" time="0"/>
  <testcase name="And I create new company with name &apos;Test company&apos;" classname="| Company Management | Common | Test company |" time="0"/>
  <testcase name="And I input company detail as below" classname="| Company Management | Common | Test company |" time="0"/>
  <testcase name="And In Company Detail screen, I click button back" classname="| Company Management | Common | Test company |" time="0"/>
  <testcase name="Then The system should show initialization screen of Company management page" classname="| Company Management | Common | Test company |" time="0"/>
  <testcase name="| Company Management | Common | Test company |" classname="| Company Management | Common | Test company |" time="1.488"/>
  <testcase name="When I open submenu Company Management of menu Common" classname="| Company Management | Common | CIJ | Company name | 0 | Test company | Reset |" time="0"/>
  <testcase name="And In Company management screen, I fill value &apos;CIJ&apos; for filter in column &apos;Company name&apos;" classname="| Company Management | Common | CIJ | Company name | 0 | Test company | Reset |" time="0"/>
  <testcase name="And In Company management screen, I select row &apos;0&apos;" classname="| Company Management | Common | CIJ | Company name | 0 | Test company | Reset |" time="0"/>
  <testcase name="And I edit company with name Test company" classname="| Company Management | Common | CIJ | Company name | 0 | Test company | Reset |" time="0"/>
  <testcase name="And I input company detail as below" classname="| Company Management | Common | CIJ | Company name | 0 | Test company | Reset |" time="0"/>
  <testcase name="And In Company Detail screen, I click &apos;Reset&apos; button" classname="| Company Management | Common | CIJ | Company name | 0 | Test company | Reset |" time="0"/>
  <testcase name="Then The system should reset Company Detail screen" classname="| Company Management | Common | CIJ | Company name | 0 | Test company | Reset |" time="0"/>
  <testcase name="| Company Management | Common | CIJ | Company name | 0 | Test company | Reset |" classname="| Company Management | Common | CIJ | Company name | 0 | Test company | Reset |" time="1.469"/>
  <testcase name="When I open submenu Company Management of menu Common" classname="| Company Management | Common | CIJ | Company name | 0 | Test company |" time="0"/>
  <testcase name="And In Company management screen, I fill value &apos;CIJ&apos; for filter in column &apos;Company name&apos;" classname="| Company Management | Common | CIJ | Company name | 0 | Test company |" time="0"/>
  <testcase name="And In Company management screen, I select row &apos;0&apos;" classname="| Company Management | Common | CIJ | Company name | 0 | Test company |" time="0"/>
  <testcase name="And I edit company with name Test company" classname="| Company Management | Common | CIJ | Company name | 0 | Test company |" time="0"/>
  <testcase name="And I input company detail as below" classname="| Company Management | Common | CIJ | Company name | 0 | Test company |" time="0.001">
    <error message="unknown error: Element is not clickable at point (413, 664). Other element would receive the click: &lt;td style=&quot;width:75%;&quot;&gt;...&lt;/td&gt;&#10;  (Session info: chrome=53.0.2785.116)&#10;  (Driver info: chromedriver=2.24.417424 (c5c5ea873213ee72e3d0929b47482681555340c3),platform=Linux 3.19.0-42-generic x86_64) (WARNING: The server did not provide any stacktrace information)&#10;Command duration or timeout: 136 milliseconds&#10;Build info: version: &apos;2.53.1&apos;, revision: &apos;a36b8b1cd5757287168e54b817830adce9b0158d&apos;, time: &apos;2016-06-30 19:26:09&apos;&#10;System info: host: &apos;NgocPT&apos;, ip: &apos;172.17.0.1&apos;, os.name: &apos;Linux&apos;, os.arch: &apos;amd64&apos;, os.version: &apos;3.19.0-42-generic&apos;, java.version: &apos;1.8.0_66&apos;&#10;Driver info: org.openqa.selenium.chrome.ChromeDriver&#10;Capabilities [{applicationCacheEnabled=false, rotatable=false, mobileEmulationEnabled=false, networkConnectionEnabled=false, chrome={chromedriverVersion=2.24.417424 (c5c5ea873213ee72e3d0929b47482681555340c3), userDataDir=/tmp/.org.chromium.Chromium.frInIc}, takesHeapSnapshot=true, pageLoadStrategy=normal, databaseEnabled=false, handlesAlerts=true, hasTouchScreen=false, version=53.0.2785.116, platform=LINUX, browserConnectionEnabled=false, nativeEvents=true, acceptSslCerts=true, locationContextEnabled=true, webStorageEnabled=true, browserName=chrome, takesScreenshot=true, javascriptEnabled=true, cssSelectorsEnabled=true}]&#10;Session ID: 1ade5611e675970de818aca53ca2e32b" type="net.serenitybdd.core.exceptions.SerenityManagedException"><![CDATA[net.serenitybdd.core.exceptions.SerenityManagedException: unknown error: Element is not clickable at point (413, 664). Other element would receive the click: <td style="width:75%;">...</td>
  (Session info: chrome=53.0.2785.116)
  (Driver info: chromedriver=2.24.417424 (c5c5ea873213ee72e3d0929b47482681555340c3),platform=Linux 3.19.0-42-generic x86_64) (WARNING: The server did not provide any stacktrace information)
Command duration or timeout: 136 milliseconds
Build info: version: '2.53.1', revision: 'a36b8b1cd5757287168e54b817830adce9b0158d', time: '2016-06-30 19:26:09'
System info: host: 'NgocPT', ip: '172.17.0.1', os.name: 'Linux', os.arch: 'amd64', os.version: '3.19.0-42-generic', java.version: '1.8.0_66'
Driver info: org.openqa.selenium.chrome.ChromeDriver
Capabilities [{applicationCacheEnabled=false, rotatable=false, mobileEmulationEnabled=false, networkConnectionEnabled=false, chrome={chromedriverVersion=2.24.417424 (c5c5ea873213ee72e3d0929b47482681555340c3), userDataDir=/tmp/.org.chromium.Chromium.frInIc}, takesHeapSnapshot=true, pageLoadStrategy=normal, databaseEnabled=false, handlesAlerts=true, hasTouchScreen=false, version=53.0.2785.116, platform=LINUX, browserConnectionEnabled=false, nativeEvents=true, acceptSslCerts=true, locationContextEnabled=true, webStorageEnabled=true, browserName=chrome, takesScreenshot=true, javascriptEnabled=true, cssSelectorsEnabled=true}]
Session ID: 1ade5611e675970de818aca53ca2e32b
	at sun.reflect.NativeConstructorAccessorImpl.newInstance0(Native Method)
	at sun.reflect.NativeConstructorAccessorImpl.newInstance(NativeConstructorAccessorImpl.java:62)
	at sun.reflect.DelegatingConstructorAccessorImpl.newInstance(DelegatingConstructorAccessorImpl.java:45)
	at java.lang.reflect.Constructor.newInstance(Constructor.java:422)
	at org.openqa.selenium.remote.ErrorHandler.createThrowable(ErrorHandler.java:206)
	at org.openqa.selenium.remote.ErrorHandler.throwIfResponseFailed(ErrorHandler.java:158)
	at org.openqa.selenium.remote.RemoteWebDriver.execute(RemoteWebDriver.java:678)
	at org.openqa.selenium.remote.RemoteWebElement.execute(RemoteWebElement.java:327)
	at org.openqa.selenium.remote.RemoteWebElement.click(RemoteWebElement.java:85)
	at net.serenitybdd.core.pages.WebElementFacadeImpl.click(WebElementFacadeImpl.java:988)
	at my.lib.serenity.primefaces.sars.page.CompanyManagementPage.select_branch_by_name(CompanyManagementPage.java:240)
	at my.lib.serenity.primefaces.sars.page.CompanyManagementPage.input_company_detail(CompanyManagementPage.java:232)
	at my.lib.serenity.primefaces.sars.steps.CompanyManagementSteps.input_company_detail(CompanyManagementSteps.java:202)
	at my.lib.serenity.primefaces.sars.steps.CompanyManagementSteps$$EnhancerByCGLIB$$deaf3665.CGLIB$input_company_detail$23(<generated>)
	at my.lib.serenity.primefaces.sars.steps.CompanyManagementSteps$$EnhancerByCGLIB$$deaf3665$$FastClassByCGLIB$$a03f671a.invoke(<generated>)
	at net.sf.cglib.proxy.MethodProxy.invokeSuper(MethodProxy.java:228)
	at net.thucydides.core.steps.BaseMethodRunner.invokeMethod(BaseMethodRunner.java:10)
	at net.thucydides.core.steps.NormalMethodRunner.invokeMethodAndNotifyFailures(NormalMethodRunner.java:20)
	at net.thucydides.core.steps.StepInterceptor.runNormalMethod(StepInterceptor.java:269)
	at net.thucydides.core.steps.StepInterceptor.testStepResult(StepInterceptor.java:127)
	at net.thucydides.core.steps.StepInterceptor.intercept(StepInterceptor.java:61)
	at my.lib.serenity.primefaces.sars.steps.CompanyManagementSteps$$EnhancerByCGLIB$$deaf3665.input_company_detail(<generated>)
	at my.lib.serenity.primefaces.sars.definition.CompanyManagementScenarioSteps.then_i_input_company_detail(CompanyManagementScenarioSteps.java:122)
	at sun.reflect.NativeMethodAccessorImpl.invoke0(Native Method)
	at sun.reflect.NativeMethodAccessorImpl.invoke(NativeMethodAccessorImpl.java:62)
	at sun.reflect.DelegatingMethodAccessorImpl.invoke(DelegatingMethodAccessorImpl.java:43)
	at java.lang.reflect.Method.invoke(Method.java:497)
	at cucumber.runtime.Utils$1.call(Utils.java:37)
	at cucumber.runtime.Timeout.timeout(Timeout.java:13)
	at cucumber.runtime.Utils.invoke(Utils.java:31)
	at cucumber.runtime.java.JavaStepDefinition.execute(JavaStepDefinition.java:38)
	at cucumber.runtime.StepDefinitionMatch.runStep(StepDefinitionMatch.java:37)
	at cucumber.runtime.Runtime.runStep(Runtime.java:299)
	at cucumber.runtime.model.StepContainer.runStep(StepContainer.java:44)
	at cucumber.runtime.model.StepContainer.runSteps(StepContainer.java:39)
	at cucumber.runtime.model.CucumberScenario.run(CucumberScenario.java:44)
	at cucumber.runtime.junit.ExecutionUnitRunner.run(ExecutionUnitRunner.java:91)
	at org.junit.runners.Suite.runChild(Suite.java:128)
	at org.junit.runners.Suite.runChild(Suite.java:27)
	at org.junit.runners.ParentRunner$3.run(ParentRunner.java:290)
	at org.junit.runners.ParentRunner$1.schedule(ParentRunner.java:71)
	at org.junit.runners.ParentRunner.runChildren(ParentRunner.java:288)
	at org.junit.runners.ParentRunner.access$000(ParentRunner.java:58)
	at org.junit.runners.ParentRunner$2.evaluate(ParentRunner.java:268)
	at org.junit.runners.ParentRunner.run(ParentRunner.java:363)
	at cucumber.runtime.junit.ExamplesRunner.run(ExamplesRunner.java:59)
	at org.junit.runners.Suite.runChild(Suite.java:128)
	at org.junit.runners.Suite.runChild(Suite.java:27)
	at org.junit.runners.ParentRunner$3.run(ParentRunner.java:290)
	at org.junit.runners.ParentRunner$1.schedule(ParentRunner.java:71)
	at org.junit.runners.ParentRunner.runChildren(ParentRunner.java:288)
	at org.junit.runners.ParentRunner.access$000(ParentRunner.java:58)
	at org.junit.runners.ParentRunner$2.evaluate(ParentRunner.java:268)
	at org.junit.runners.ParentRunner.run(ParentRunner.java:363)
	at cucumber.runtime.junit.ScenarioOutlineRunner.run(ScenarioOutlineRunner.java:53)
	at cucumber.runtime.junit.FeatureRunner.runChild(FeatureRunner.java:63)
	at cucumber.runtime.junit.FeatureRunner.runChild(FeatureRunner.java:18)
	at org.junit.runners.ParentRunner$3.run(ParentRunner.java:290)
	at org.junit.runners.ParentRunner$1.schedule(ParentRunner.java:71)
	at org.junit.runners.ParentRunner.runChildren(ParentRunner.java:288)
	at org.junit.runners.ParentRunner.access$000(ParentRunner.java:58)
	at org.junit.runners.ParentRunner$2.evaluate(ParentRunner.java:268)
	at org.junit.runners.ParentRunner.run(ParentRunner.java:363)
	at cucumber.runtime.junit.FeatureRunner.run(FeatureRunner.java:70)
	at cucumber.api.junit.Cucumber.runChild(Cucumber.java:93)
	at cucumber.api.junit.Cucumber.runChild(Cucumber.java:37)
	at org.junit.runners.ParentRunner$3.run(ParentRunner.java:290)
	at org.junit.runners.ParentRunner$1.schedule(ParentRunner.java:71)
	at org.junit.runners.ParentRunner.runChildren(ParentRunner.java:288)
	at org.junit.runners.ParentRunner.access$000(ParentRunner.java:58)
	at org.junit.runners.ParentRunner$2.evaluate(ParentRunner.java:268)
	at org.junit.runners.ParentRunner.run(ParentRunner.java:363)
	at cucumber.api.junit.Cucumber.run(Cucumber.java:98)
	at org.apache.maven.surefire.junit4.JUnit4Provider.execute(JUnit4Provider.java:283)
	at org.apache.maven.surefire.junit4.JUnit4Provider.executeWithRerun(JUnit4Provider.java:173)
	at org.apache.maven.surefire.junit4.JUnit4Provider.executeTestSet(JUnit4Provider.java:153)
	at org.apache.maven.surefire.junit4.JUnit4Provider.invoke(JUnit4Provider.java:128)
	at org.apache.maven.surefire.booter.ForkedBooter.invokeProviderInSameClassLoader(ForkedBooter.java:203)
	at org.apache.maven.surefire.booter.ForkedBooter.runSuitesInProcess(ForkedBooter.java:155)
	at org.apache.maven.surefire.booter.ForkedBooter.main(ForkedBooter.java:103)
]]></error>
  </testcase>
  <testcase name="| Company Management | Common | CIJ | Company name | 0 | Test company |" classname="| Company Management | Common | CIJ | Company name | 0 | Test company |" time="0.001">
    <error message="unknown error: Element is not clickable at point (413, 664). Other element would receive the click: &lt;td style=&quot;width:75%;&quot;&gt;...&lt;/td&gt;&#10;  (Session info: chrome=53.0.2785.116)&#10;  (Driver info: chromedriver=2.24.417424 (c5c5ea873213ee72e3d0929b47482681555340c3),platform=Linux 3.19.0-42-generic x86_64) (WARNING: The server did not provide any stacktrace information)&#10;Command duration or timeout: 136 milliseconds&#10;Build info: version: &apos;2.53.1&apos;, revision: &apos;a36b8b1cd5757287168e54b817830adce9b0158d&apos;, time: &apos;2016-06-30 19:26:09&apos;&#10;System info: host: &apos;NgocPT&apos;, ip: &apos;172.17.0.1&apos;, os.name: &apos;Linux&apos;, os.arch: &apos;amd64&apos;, os.version: &apos;3.19.0-42-generic&apos;, java.version: &apos;1.8.0_66&apos;&#10;Driver info: org.openqa.selenium.chrome.ChromeDriver&#10;Capabilities [{applicationCacheEnabled=false, rotatable=false, mobileEmulationEnabled=false, networkConnectionEnabled=false, chrome={chromedriverVersion=2.24.417424 (c5c5ea873213ee72e3d0929b47482681555340c3), userDataDir=/tmp/.org.chromium.Chromium.frInIc}, takesHeapSnapshot=true, pageLoadStrategy=normal, databaseEnabled=false, handlesAlerts=true, hasTouchScreen=false, version=53.0.2785.116, platform=LINUX, browserConnectionEnabled=false, nativeEvents=true, acceptSslCerts=true, locationContextEnabled=true, webStorageEnabled=true, browserName=chrome, takesScreenshot=true, javascriptEnabled=true, cssSelectorsEnabled=true}]&#10;Session ID: 1ade5611e675970de818aca53ca2e32b" type="net.serenitybdd.core.exceptions.SerenityManagedException"><![CDATA[net.serenitybdd.core.exceptions.SerenityManagedException: unknown error: Element is not clickable at point (413, 664). Other element would receive the click: <td style="width:75%;">...</td>
  (Session info: chrome=53.0.2785.116)
  (Driver info: chromedriver=2.24.417424 (c5c5ea873213ee72e3d0929b47482681555340c3),platform=Linux 3.19.0-42-generic x86_64) (WARNING: The server did not provide any stacktrace information)
Command duration or timeout: 136 milliseconds
Build info: version: '2.53.1', revision: 'a36b8b1cd5757287168e54b817830adce9b0158d', time: '2016-06-30 19:26:09'
System info: host: 'NgocPT', ip: '172.17.0.1', os.name: 'Linux', os.arch: 'amd64', os.version: '3.19.0-42-generic', java.version: '1.8.0_66'
Driver info: org.openqa.selenium.chrome.ChromeDriver
Capabilities [{applicationCacheEnabled=false, rotatable=false, mobileEmulationEnabled=false, networkConnectionEnabled=false, chrome={chromedriverVersion=2.24.417424 (c5c5ea873213ee72e3d0929b47482681555340c3), userDataDir=/tmp/.org.chromium.Chromium.frInIc}, takesHeapSnapshot=true, pageLoadStrategy=normal, databaseEnabled=false, handlesAlerts=true, hasTouchScreen=false, version=53.0.2785.116, platform=LINUX, browserConnectionEnabled=false, nativeEvents=true, acceptSslCerts=true, locationContextEnabled=true, webStorageEnabled=true, browserName=chrome, takesScreenshot=true, javascriptEnabled=true, cssSelectorsEnabled=true}]
Session ID: 1ade5611e675970de818aca53ca2e32b
	at sun.reflect.NativeConstructorAccessorImpl.newInstance0(Native Method)
	at sun.reflect.NativeConstructorAccessorImpl.newInstance(NativeConstructorAccessorImpl.java:62)
	at sun.reflect.DelegatingConstructorAccessorImpl.newInstance(DelegatingConstructorAccessorImpl.java:45)
	at java.lang.reflect.Constructor.newInstance(Constructor.java:422)
	at org.openqa.selenium.remote.ErrorHandler.createThrowable(ErrorHandler.java:206)
	at org.openqa.selenium.remote.ErrorHandler.throwIfResponseFailed(ErrorHandler.java:158)
	at org.openqa.selenium.remote.RemoteWebDriver.execute(RemoteWebDriver.java:678)
	at org.openqa.selenium.remote.RemoteWebElement.execute(RemoteWebElement.java:327)
	at org.openqa.selenium.remote.RemoteWebElement.click(RemoteWebElement.java:85)
	at net.serenitybdd.core.pages.WebElementFacadeImpl.click(WebElementFacadeImpl.java:988)
	at my.lib.serenity.primefaces.sars.page.CompanyManagementPage.select_branch_by_name(CompanyManagementPage.java:240)
	at my.lib.serenity.primefaces.sars.page.CompanyManagementPage.input_company_detail(CompanyManagementPage.java:232)
	at my.lib.serenity.primefaces.sars.steps.CompanyManagementSteps.input_company_detail(CompanyManagementSteps.java:202)
	at my.lib.serenity.primefaces.sars.steps.CompanyManagementSteps$$EnhancerByCGLIB$$deaf3665.CGLIB$input_company_detail$23(<generated>)
	at my.lib.serenity.primefaces.sars.steps.CompanyManagementSteps$$EnhancerByCGLIB$$deaf3665$$FastClassByCGLIB$$a03f671a.invoke(<generated>)
	at net.sf.cglib.proxy.MethodProxy.invokeSuper(MethodProxy.java:228)
	at net.thucydides.core.steps.BaseMethodRunner.invokeMethod(BaseMethodRunner.java:10)
	at net.thucydides.core.steps.NormalMethodRunner.invokeMethodAndNotifyFailures(NormalMethodRunner.java:20)
	at net.thucydides.core.steps.StepInterceptor.runNormalMethod(StepInterceptor.java:269)
	at net.thucydides.core.steps.StepInterceptor.testStepResult(StepInterceptor.java:127)
	at net.thucydides.core.steps.StepInterceptor.intercept(StepInterceptor.java:61)
	at my.lib.serenity.primefaces.sars.steps.CompanyManagementSteps$$EnhancerByCGLIB$$deaf3665.input_company_detail(<generated>)
	at my.lib.serenity.primefaces.sars.definition.CompanyManagementScenarioSteps.then_i_input_company_detail(CompanyManagementScenarioSteps.java:122)
	at sun.reflect.NativeMethodAccessorImpl.invoke0(Native Method)
	at sun.reflect.NativeMethodAccessorImpl.invoke(NativeMethodAccessorImpl.java:62)
	at sun.reflect.DelegatingMethodAccessorImpl.invoke(DelegatingMethodAccessorImpl.java:43)
	at java.lang.reflect.Method.invoke(Method.java:497)
	at cucumber.runtime.Utils$1.call(Utils.java:37)
	at cucumber.runtime.Timeout.timeout(Timeout.java:13)
	at cucumber.runtime.Utils.invoke(Utils.java:31)
	at cucumber.runtime.java.JavaStepDefinition.execute(JavaStepDefinition.java:38)
	at cucumber.runtime.StepDefinitionMatch.runStep(StepDefinitionMatch.java:37)
	at cucumber.runtime.Runtime.runStep(Runtime.java:299)
	at cucumber.runtime.model.StepContainer.runStep(StepContainer.java:44)
	at cucumber.runtime.model.StepContainer.runSteps(StepContainer.java:39)
	at cucumber.runtime.model.CucumberScenario.run(CucumberScenario.java:44)
	at cucumber.runtime.junit.ExecutionUnitRunner.run(ExecutionUnitRunner.java:91)
	at org.junit.runners.Suite.runChild(Suite.java:128)
	at org.junit.runners.Suite.runChild(Suite.java:27)
	at org.junit.runners.ParentRunner$3.run(ParentRunner.java:290)
	at org.junit.runners.ParentRunner$1.schedule(ParentRunner.java:71)
	at org.junit.runners.ParentRunner.runChildren(ParentRunner.java:288)
	at org.junit.runners.ParentRunner.access$000(ParentRunner.java:58)
	at org.junit.runners.ParentRunner$2.evaluate(ParentRunner.java:268)
	at org.junit.runners.ParentRunner.run(ParentRunner.java:363)
	at cucumber.runtime.junit.ExamplesRunner.run(ExamplesRunner.java:59)
	at org.junit.runners.Suite.runChild(Suite.java:128)
	at org.junit.runners.Suite.runChild(Suite.java:27)
	at org.junit.runners.ParentRunner$3.run(ParentRunner.java:290)
	at org.junit.runners.ParentRunner$1.schedule(ParentRunner.java:71)
	at org.junit.runners.ParentRunner.runChildren(ParentRunner.java:288)
	at org.junit.runners.ParentRunner.access$000(ParentRunner.java:58)
	at org.junit.runners.ParentRunner$2.evaluate(ParentRunner.java:268)
	at org.junit.runners.ParentRunner.run(ParentRunner.java:363)
	at cucumber.runtime.junit.ScenarioOutlineRunner.run(ScenarioOutlineRunner.java:53)
	at cucumber.runtime.junit.FeatureRunner.runChild(FeatureRunner.java:63)
	at cucumber.runtime.junit.FeatureRunner.runChild(FeatureRunner.java:18)
	at org.junit.runners.ParentRunner$3.run(ParentRunner.java:290)
	at org.junit.runners.ParentRunner$1.schedule(ParentRunner.java:71)
	at org.junit.runners.ParentRunner.runChildren(ParentRunner.java:288)
	at org.junit.runners.ParentRunner.access$000(ParentRunner.java:58)
	at org.junit.runners.ParentRunner$2.evaluate(ParentRunner.java:268)
	at org.junit.runners.ParentRunner.run(ParentRunner.java:363)
	at cucumber.runtime.junit.FeatureRunner.run(FeatureRunner.java:70)
	at cucumber.api.junit.Cucumber.runChild(Cucumber.java:93)
	at cucumber.api.junit.Cucumber.runChild(Cucumber.java:37)
	at org.junit.runners.ParentRunner$3.run(ParentRunner.java:290)
	at org.junit.runners.ParentRunner$1.schedule(ParentRunner.java:71)
	at org.junit.runners.ParentRunner.runChildren(ParentRunner.java:288)
	at org.junit.runners.ParentRunner.access$000(ParentRunner.java:58)
	at org.junit.runners.ParentRunner$2.evaluate(ParentRunner.java:268)
	at org.junit.runners.ParentRunner.run(ParentRunner.java:363)
	at cucumber.api.junit.Cucumber.run(Cucumber.java:98)
	at org.apache.maven.surefire.junit4.JUnit4Provider.execute(JUnit4Provider.java:283)
	at org.apache.maven.surefire.junit4.JUnit4Provider.executeWithRerun(JUnit4Provider.java:173)
	at org.apache.maven.surefire.junit4.JUnit4Provider.executeTestSet(JUnit4Provider.java:153)
	at org.apache.maven.surefire.junit4.JUnit4Provider.invoke(JUnit4Provider.java:128)
	at org.apache.maven.surefire.booter.ForkedBooter.invokeProviderInSameClassLoader(ForkedBooter.java:203)
	at org.apache.maven.surefire.booter.ForkedBooter.runSuitesInProcess(ForkedBooter.java:155)
	at org.apache.maven.surefire.booter.ForkedBooter.main(ForkedBooter.java:103)
]]></error>
  </testcase>
  <testcase name="And In Company Detail screen, I click button back" classname="| Company Management | Common | CIJ | Company name | 0 | Test company |" time="0">
    <skipped/>
  </testcase>
  <testcase name="Then The system should show table company with record found" classname="| Company Management | Common | CIJ | Company name | 0 | Test company |" time="0">
    <skipped/>
  </testcase>
</testsuite>