<?xml version="1.0" encoding="UTF-8"?>
<testsuite name="my.lib.serenity.primefaces.sars.features.creditManagement.CreditManagementFeature" time="6.102" tests="79" errors="0" skipped="0" failures="0">
  <properties>
[...]
</properties>
  <testcase name="When I open submenu Credit Management of menu Accounting" classname="| Credit Management | Accounting |" time="0"/>
  <testcase name="Then The system should open initialization screen of Credit Management page" classname="| Credit Management | Accounting |" time="0"/>
  <testcase name="| Credit Management | Accounting |" classname="| Credit Management | Accounting |" time="1.194"/>
  <testcase name="When I open submenu Credit Management of menu Accounting" classname="| Credit Management | Accounting | a0000000 | a0010000 | 0 |" time="0"/>
  <testcase name="And I search customer by code a0000000" classname="| Credit Management | Accounting | a0000000 | a0010000 | 0 |" time="0"/>
  <testcase name="Then The system should show table result with no record" classname="| Credit Management | Accounting | a0000000 | a0010000 | 0 |" time="0"/>
  <testcase name="When I search customer by code a0010000" classname="| Credit Management | Accounting | a0000000 | a0010000 | 0 |" time="0"/>
  <testcase name="Then The system should show table result with records" classname="| Credit Management | Accounting | a0000000 | a0010000 | 0 |" time="0"/>
  <testcase name="When I click checkbox left of a row 0 into table result" classname="| Credit Management | Accounting | a0000000 | a0010000 | 0 |" time="0"/>
  <testcase name="When I click checkbox left of a row 0 into table result" classname="| Credit Management | Accounting | a0000000 | a0010000 | 0 |" time="0"/>
  <testcase name="Then The system should enable select button and highlight row 0" classname="| Credit Management | Accounting | a0000000 | a0010000 | 0 |" time="0"/>
  <testcase name="Then The system should enable select button and highlight row 0" classname="| Credit Management | Accounting | a0000000 | a0010000 | 0 |" time="0"/>
  <testcase name="Then The system should enable select button and highlight row 0" classname="| Credit Management | Accounting | a0000000 | a0010000 | 0 |" time="0"/>
  <testcase name="Then The system should disable select button and no highlight row 0" classname="| Credit Management | Accounting | a0000000 | a0010000 | 0 |" time="0"/>
  <testcase name="When I click a row 0 into table result" classname="| Credit Management | Accounting | a0000000 | a0010000 | 0 |" time="0"/>
  <testcase name="When I click a row 0 into table result" classname="| Credit Management | Accounting | a0000000 | a0010000 | 0 |" time="0"/>
  <testcase name="When In accounting screen, I click button select" classname="| Credit Management | Accounting | a0000000 | a0010000 | 0 |" time="0"/>
  <testcase name="Then The system should show customer details screen" classname="| Credit Management | Accounting | a0000000 | a0010000 | 0 |" time="0"/>
  <testcase name="| Credit Management | Accounting | a0000000 | a0010000 | 0 |" classname="| Credit Management | Accounting | a0000000 | a0010000 | 0 |" time="1.811"/>
  <testcase name="When I open submenu Credit Management of menu Accounting" classname="| Credit Management | Accounting | aaaaa | EC7B840A53B2A4BE86BCC0AF3272D57D | aaaaa | コペル株式会社 | 0 |" time="0"/>
  <testcase name="And I fill value aaaaa for input id name card" classname="| Credit Management | Accounting | aaaaa | EC7B840A53B2A4BE86BCC0AF3272D57D | aaaaa | コペル株式会社 | 0 |" time="0"/>
  <testcase name="And I fill value  for input company name" classname="| Credit Management | Accounting | aaaaa | EC7B840A53B2A4BE86BCC0AF3272D57D | aaaaa | コペル株式会社 | 0 |" time="0"/>
  <testcase name="And I fill value  for input company name" classname="| Credit Management | Accounting | aaaaa | EC7B840A53B2A4BE86BCC0AF3272D57D | aaaaa | コペル株式会社 | 0 |" time="0"/>
  <testcase name="And I click search button in tab other conditions" classname="| Credit Management | Accounting | aaaaa | EC7B840A53B2A4BE86BCC0AF3272D57D | aaaaa | コペル株式会社 | 0 |" time="0"/>
  <testcase name="And I click search button in tab other conditions" classname="| Credit Management | Accounting | aaaaa | EC7B840A53B2A4BE86BCC0AF3272D57D | aaaaa | コペル株式会社 | 0 |" time="0"/>
  <testcase name="And I click search button in tab other conditions" classname="| Credit Management | Accounting | aaaaa | EC7B840A53B2A4BE86BCC0AF3272D57D | aaaaa | コペル株式会社 | 0 |" time="0"/>
  <testcase name="And I click search button in tab other conditions" classname="| Credit Management | Accounting | aaaaa | EC7B840A53B2A4BE86BCC0AF3272D57D | aaaaa | コペル株式会社 | 0 |" time="0"/>
  <testcase name="And I click search button in tab other conditions" classname="| Credit Management | Accounting | aaaaa | EC7B840A53B2A4BE86BCC0AF3272D57D | aaaaa | コペル株式会社 | 0 |" time="0"/>
  <testcase name="And I click search button in tab other conditions" classname="| Credit Management | Accounting | aaaaa | EC7B840A53B2A4BE86BCC0AF3272D57D | aaaaa | コペル株式会社 | 0 |" time="0"/>
  <testcase name="Then The system should show table result with no record" classname="| Credit Management | Accounting | aaaaa | EC7B840A53B2A4BE86BCC0AF3272D57D | aaaaa | コペル株式会社 | 0 |" time="0"/>
  <testcase name="Then The system should show table result with no record" classname="| Credit Management | Accounting | aaaaa | EC7B840A53B2A4BE86BCC0AF3272D57D | aaaaa | コペル株式会社 | 0 |" time="0"/>
  <testcase name="Then The system should show table result with no record" classname="| Credit Management | Accounting | aaaaa | EC7B840A53B2A4BE86BCC0AF3272D57D | aaaaa | コペル株式会社 | 0 |" time="0"/>
  <testcase name="When I fill value EC7B840A53B2A4BE86BCC0AF3272D57D for input id name card" classname="| Credit Management | Accounting | aaaaa | EC7B840A53B2A4BE86BCC0AF3272D57D | aaaaa | コペル株式会社 | 0 |" time="0"/>
  <testcase name="When I fill value EC7B840A53B2A4BE86BCC0AF3272D57D for input id name card" classname="| Credit Management | Accounting | aaaaa | EC7B840A53B2A4BE86BCC0AF3272D57D | aaaaa | コペル株式会社 | 0 |" time="0"/>
  <testcase name="Then The system should show table result with records" classname="| Credit Management | Accounting | aaaaa | EC7B840A53B2A4BE86BCC0AF3272D57D | aaaaa | コペル株式会社 | 0 |" time="0.001"/>
  <testcase name="Then The system should show table result with records" classname="| Credit Management | Accounting | aaaaa | EC7B840A53B2A4BE86BCC0AF3272D57D | aaaaa | コペル株式会社 | 0 |" time="0"/>
  <testcase name="Then The system should show table result with records" classname="| Credit Management | Accounting | aaaaa | EC7B840A53B2A4BE86BCC0AF3272D57D | aaaaa | コペル株式会社 | 0 |" time="0"/>
  <testcase name="When I fill value  for input id name card" classname="| Credit Management | Accounting | aaaaa | EC7B840A53B2A4BE86BCC0AF3272D57D | aaaaa | コペル株式会社 | 0 |" time="0"/>
  <testcase name="When I fill value  for input id name card" classname="| Credit Management | Accounting | aaaaa | EC7B840A53B2A4BE86BCC0AF3272D57D | aaaaa | コペル株式会社 | 0 |" time="0"/>
  <testcase name="And I fill value aaaaa for input company name" classname="| Credit Management | Accounting | aaaaa | EC7B840A53B2A4BE86BCC0AF3272D57D | aaaaa | コペル株式会社 | 0 |" time="0"/>
  <testcase name="And I fill value aaaaa for input company name" classname="| Credit Management | Accounting | aaaaa | EC7B840A53B2A4BE86BCC0AF3272D57D | aaaaa | コペル株式会社 | 0 |" time="0"/>
  <testcase name="And I fill value コペル株式会社 for input company name" classname="| Credit Management | Accounting | aaaaa | EC7B840A53B2A4BE86BCC0AF3272D57D | aaaaa | コペル株式会社 | 0 |" time="0"/>
  <testcase name="And I fill value コペル株式会社 for input company name" classname="| Credit Management | Accounting | aaaaa | EC7B840A53B2A4BE86BCC0AF3272D57D | aaaaa | コペル株式会社 | 0 |" time="0"/>
  <testcase name="When I fill value aaaaa for input id name card" classname="| Credit Management | Accounting | aaaaa | EC7B840A53B2A4BE86BCC0AF3272D57D | aaaaa | コペル株式会社 | 0 |" time="0"/>
  <testcase name="When I click checkbox left of a row 0 into table result" classname="| Credit Management | Accounting | aaaaa | EC7B840A53B2A4BE86BCC0AF3272D57D | aaaaa | コペル株式会社 | 0 |" time="0"/>
  <testcase name="When I click checkbox left of a row 0 into table result" classname="| Credit Management | Accounting | aaaaa | EC7B840A53B2A4BE86BCC0AF3272D57D | aaaaa | コペル株式会社 | 0 |" time="0"/>
  <testcase name="Then The system should enable select button and highlight row 0" classname="| Credit Management | Accounting | aaaaa | EC7B840A53B2A4BE86BCC0AF3272D57D | aaaaa | コペル株式会社 | 0 |" time="0"/>
  <testcase name="Then The system should enable select button and highlight row 0" classname="| Credit Management | Accounting | aaaaa | EC7B840A53B2A4BE86BCC0AF3272D57D | aaaaa | コペル株式会社 | 0 |" time="0"/>
  <testcase name="Then The system should enable select button and highlight row 0" classname="| Credit Management | Accounting | aaaaa | EC7B840A53B2A4BE86BCC0AF3272D57D | aaaaa | コペル株式会社 | 0 |" time="0"/>
  <testcase name="Then The system should disable select button and no highlight row 0" classname="| Credit Management | Accounting | aaaaa | EC7B840A53B2A4BE86BCC0AF3272D57D | aaaaa | コペル株式会社 | 0 |" time="0"/>
  <testcase name="When I click a row 0 into table result" classname="| Credit Management | Accounting | aaaaa | EC7B840A53B2A4BE86BCC0AF3272D57D | aaaaa | コペル株式会社 | 0 |" time="0"/>
  <testcase name="When I click a row 0 into table result" classname="| Credit Management | Accounting | aaaaa | EC7B840A53B2A4BE86BCC0AF3272D57D | aaaaa | コペル株式会社 | 0 |" time="0"/>
  <testcase name="When In accounting screen, I click button select" classname="| Credit Management | Accounting | aaaaa | EC7B840A53B2A4BE86BCC0AF3272D57D | aaaaa | コペル株式会社 | 0 |" time="0"/>
  <testcase name="Then The system should show customer details screen" classname="| Credit Management | Accounting | aaaaa | EC7B840A53B2A4BE86BCC0AF3272D57D | aaaaa | コペル株式会社 | 0 |" time="0"/>
  <testcase name="| Credit Management | Accounting | aaaaa | EC7B840A53B2A4BE86BCC0AF3272D57D | aaaaa | コペル株式会社 | 0 |" classname="| Credit Management | Accounting | aaaaa | EC7B840A53B2A4BE86BCC0AF3272D57D | aaaaa | コペル株式会社 | 0 |" time="1.793"/>
  <testcase name="When I open submenu Credit Management of menu Accounting" classname="| Credit Management | Accounting | EC | 2 | 4 | 0 |" time="0"/>
  <testcase name="And I fill value EC for input id name card" classname="| Credit Management | Accounting | EC | 2 | 4 | 0 |" time="0"/>
  <testcase name="And I fill value  for input company name" classname="| Credit Management | Accounting | EC | 2 | 4 | 0 |" time="0"/>
  <testcase name="And I click search button in tab other conditions" classname="| Credit Management | Accounting | EC | 2 | 4 | 0 |" time="0"/>
  <testcase name="Then The system should show table result with records" classname="| Credit Management | Accounting | EC | 2 | 4 | 0 |" time="0"/>
  <testcase name="When In accounting screen, I click button last page on paging" classname="| Credit Management | Accounting | EC | 2 | 4 | 0 |" time="0"/>
  <testcase name="Then The table result should show last page" classname="| Credit Management | Accounting | EC | 2 | 4 | 0 |" time="0"/>
  <testcase name="When In accounting screen, I click button first page on paging" classname="| Credit Management | Accounting | EC | 2 | 4 | 0 |" time="0"/>
  <testcase name="Then The table result should show first page" classname="| Credit Management | Accounting | EC | 2 | 4 | 0 |" time="0"/>
  <testcase name="When I click page 2 on paging" classname="| Credit Management | Accounting | EC | 2 | 4 | 0 |" time="0"/>
  <testcase name="When I click page 2 on paging" classname="| Credit Management | Accounting | EC | 2 | 4 | 0 |" time="0"/>
  <testcase name="Then The system should change table result to selected page 2" classname="| Credit Management | Accounting | EC | 2 | 4 | 0 |" time="0"/>
  <testcase name="Then The system should change table result to selected page 2" classname="| Credit Management | Accounting | EC | 2 | 4 | 0 |" time="0"/>
  <testcase name="When In accounting screen, I click button next on paging" classname="| Credit Management | Accounting | EC | 2 | 4 | 0 |" time="0"/>
  <testcase name="Then The system should change table result to selected page 2 + 1" classname="| Credit Management | Accounting | EC | 2 | 4 | 0 |" time="0"/>
  <testcase name="When In accounting screen, I click button back on paging" classname="| Credit Management | Accounting | EC | 2 | 4 | 0 |" time="0"/>
  <testcase name="Then The system should change table result to selected page 2 - 1" classname="| Credit Management | Accounting | EC | 2 | 4 | 0 |" time="0"/>
  <testcase name="When I click a row 0 into table result" classname="| Credit Management | Accounting | EC | 2 | 4 | 0 |" time="0"/>
  <testcase name="And I click page 4 on paging" classname="| Credit Management | Accounting | EC | 2 | 4 | 0 |" time="0"/>
  <testcase name="Then The system should change table result to selected page 4" classname="| Credit Management | Accounting | EC | 2 | 4 | 0 |" time="0"/>
  <testcase name="And The table result has no selected row" classname="| Credit Management | Accounting | EC | 2 | 4 | 0 |" time="0"/>
  <testcase name="And The table result show no row selected" classname="| Credit Management | Accounting | EC | 2 | 4 | 0 |" time="0"/>
  <testcase name="And Button Select disabled" classname="| Credit Management | Accounting | EC | 2 | 4 | 0 |" time="0"/>
  <testcase name="| Credit Management | Accounting | EC | 2 | 4 | 0 |" classname="| Credit Management | Accounting | EC | 2 | 4 | 0 |" time="1.303"/>
</testsuite>