<?xml version="1.0" encoding="UTF-8"?><testsuite errors="0" failures="0" name="Notification Setting display" skipped="0" tests="9" time="246.71" timestamp="2016-11-308 08:34:05"><testcase name="Open Notification Setting click check box enable"/><testcase name="Open Notification Setting and verify paging last, first, next, previous"/><testcase name="Open Notification Setting and verify start screen have setting"/><testcase name="Open Notification Setting click view notification"/><testcase name="Open Notification Setting and verify start screen with out setting"/><testcase name="Open Notification Setting, select one branch, one position, one employee name and add"/><testcase name="Open Notification Setting, select one branch, all position, one employee name and add"/><testcase name="Open Notification Setting, select one branch, all position, all employee name and add"/><testcase name="Open Notification Setting,check button Add with other conditions select dropdown"/></testsuite>