<?xml version="1.0" encoding="UTF-8"?><testsuite errors="0" failures="1" name="Search Daily report by date" skipped="0" tests="9" time="112.04" timestamp="2016-11-308 08:38:18"><testcase name="initialization screen"/><testcase name="search daily report"><failure message="expected:&lt;[tru]e&gt; but was:&lt;[fals]e&gt;" type="java.lang.AssertionError">expected:&lt;[tru]e&gt; but was:&lt;[fals]e&gt;</failure><system-err>expected:&lt;[tru]e&gt; but was:&lt;[fals]e&gt;
my.lib.serenity.primefaces.sars.steps.SearchHistoryByDateSteps.should_show_required_branch_and_employee_error_message(SearchHistoryByDateSteps.java:22)
my.lib.serenity.primefaces.sars.definition.SearchDailyReportByDateFeatureScenarioSteps.then_the_system_should_show_required_branch_and_employee_error_message(SearchDailyReportByDateFeatureScenarioSteps.java:36)
</system-err></testcase><testcase name="Toggle"/><testcase name="Paging"/><testcase name="show all business detail"/><testcase name="create a daily report to test"/><testcase name="verify edit daily report"/><testcase name="verify delete daily report with user is manager"/><testcase name="verify delete daily report with user isn't manager"/></testsuite>