<?xml version="1.0" encoding="UTF-8"?><testsuite errors="0" failures="0" name="Notification Setting display" skipped="0" tests="9" time="354.06" timestamp="2017-01-17 04:14:42"><testcase name="1. Open Notification Setting and verify paging last, first, next, previous"/><testcase name="2. Open Notification Setting click check box enable"/><testcase name="3. Open Notification Setting and verify start screen have setting"/><testcase name="4. Open Notification Setting click view notification"/><testcase name="5. Open Notification Setting and verify start screen with out setting"/><testcase name="6. Open Notification Setting, select one branch, one position, one employee name and add"/><testcase name="7. Open Notification Setting, select one branch, all position, one employee name and add"/><testcase name="8. Open Notification Setting, select one branch, all position, all employee name and add"/><testcase name="9. Open Notification Setting,check button Add with other conditions select dropdown"/></testsuite>