<?xml version="1.0" encoding="UTF-8"?><testsuite errors="1" failures="0" name="Maintain credit data" skipped="0" tests="1" time="11.99" timestamp="2016-11-309 11:03:44"><testcase name="Open Employee Management and verify when start"><error message="no such element: Unable to locate element: {&quot;method&quot;:&quot;xpath&quot;,&quot;selector&quot;:&quot;//div[@id='contentPanel_content']//td//label[text()='Other conditions']/preceding::td[1]&quot;}&#10;  (Session info: chrome=53.0.2785.116)&#10;  (Driver info: chromedriver=2.24.417424 (c5c5ea873213ee72e3d0929b47482681555340c3),platform=Linux 3.19.0-42-generic x86_64) (WARNING: The server did not provide any stacktrace information)&#10;Command duration or timeout: 22 milliseconds&#10;For documentation on this error, please visit: http://seleniumhq.org/exceptions/no_such_element.html&#10;Build info: version: '2.53.1', revision: 'a36b8b1cd5757287168e54b817830adce9b0158d', time: '2016-06-30 19:26:09'&#10;System info: host: 'NgocPT', ip: '172.17.0.1', os.name: 'Linux', os.arch: 'amd64', os.version: '3.19.0-42-generic', java.version: '1.8.0_66'&#10;Driver info: org.openqa.selenium.chrome.ChromeDriver&#10;Capabilities [{applicationCacheEnabled=false, rotatable=false, mobileEmulationEnabled=false, networkConnectionEnabled=false, chrome={chromedriverVersion=2.24.417424 (c5c5ea873213ee72e3d0929b47482681555340c3), userDataDir=/tmp/.org.chromium.Chromium.b5DdAu}, takesHeapSnapshot=true, pageLoadStrategy=normal, databaseEnabled=false, handlesAlerts=true, hasTouchScreen=false, version=53.0.2785.116, platform=LINUX, browserConnectionEnabled=false, nativeEvents=true, acceptSslCerts=true, locationContextEnabled=true, webStorageEnabled=true, browserName=chrome, takesScreenshot=true, javascriptEnabled=true, cssSelectorsEnabled=true}]&#10;Session ID: b2c2fb765a1de69378003aeb5e2afedd&#10;*** Element info: {Using=xpath, value=//div[@id='contentPanel_content']//td//label[text()='Other conditions']/preceding::td[1]}&#10;For documentation on this error, please visit: http://seleniumhq.org/exceptions/no_such_element.html&#10;Build info: version: '2.53.1', revision: 'a36b8b1cd5757287168e54b817830adce9b0158d', time: '2016-06-30 19:26:09'&#10;System info: host: 'NgocPT', ip: '172.17.0.1', os.name: 'Linux', os.arch: 'amd64', os.version: '3.19.0-42-generic', java.version: '1.8.0_66'&#10;Driver info: driver.version: unknown" type="org.openqa.selenium.NoSuchElementException">no such element: Unable to locate element: {"method":"xpath","selector":"//div[@id='contentPanel_content']//td//label[text()='Other conditions']/preceding::td[1]"}
  (Session info: chrome=53.0.2785.116)
  (Driver info: chromedriver=2.24.417424 (c5c5ea873213ee72e3d0929b47482681555340c3),platform=Linux 3.19.0-42-generic x86_64) (WARNING: The server did not provide any stacktrace information)
Command duration or timeout: 22 milliseconds
For documentation on this error, please visit: http://seleniumhq.org/exceptions/no_such_element.html
Build info: version: '2.53.1', revision: 'a36b8b1cd5757287168e54b817830adce9b0158d', time: '2016-06-30 19:26:09'
System info: host: 'NgocPT', ip: '172.17.0.1', os.name: 'Linux', os.arch: 'amd64', os.version: '3.19.0-42-generic', java.version: '1.8.0_66'
Driver info: org.openqa.selenium.chrome.ChromeDriver
Capabilities [{applicationCacheEnabled=false, rotatable=false, mobileEmulationEnabled=false, networkConnectionEnabled=false, chrome={chromedriverVersion=2.24.417424 (c5c5ea873213ee72e3d0929b47482681555340c3), userDataDir=/tmp/.org.chromium.Chromium.b5DdAu}, takesHeapSnapshot=true, pageLoadStrategy=normal, databaseEnabled=false, handlesAlerts=true, hasTouchScreen=false, version=53.0.2785.116, platform=LINUX, browserConnectionEnabled=false, nativeEvents=true, acceptSslCerts=true, locationContextEnabled=true, webStorageEnabled=true, browserName=chrome, takesScreenshot=true, javascriptEnabled=true, cssSelectorsEnabled=true}]
Session ID: b2c2fb765a1de69378003aeb5e2afedd
*** Element info: {Using=xpath, value=//div[@id='contentPanel_content']//td//label[text()='Other conditions']/preceding::td[1]}
For documentation on this error, please visit: http://seleniumhq.org/exceptions/no_such_element.html
Build info: version: '2.53.1', revision: 'a36b8b1cd5757287168e54b817830adce9b0158d', time: '2016-06-30 19:26:09'
System info: host: 'NgocPT', ip: '172.17.0.1', os.name: 'Linux', os.arch: 'amd64', os.version: '3.19.0-42-generic', java.version: '1.8.0_66'
Driver info: driver.version: unknown</error><system-err>no such element: Unable to locate element: {"method":"xpath","selector":"//div[@id='contentPanel_content']//td//label[text()='Other conditions']/preceding::td[1]"}
  (Session info: chrome=53.0.2785.116)
  (Driver info: chromedriver=2.24.417424 (c5c5ea873213ee72e3d0929b47482681555340c3),platform=Linux 3.19.0-42-generic x86_64) (WARNING: The server did not provide any stacktrace information)
Command duration or timeout: 22 milliseconds
For documentation on this error, please visit: http://seleniumhq.org/exceptions/no_such_element.html
Build info: version: '2.53.1', revision: 'a36b8b1cd5757287168e54b817830adce9b0158d', time: '2016-06-30 19:26:09'
System info: host: 'NgocPT', ip: '172.17.0.1', os.name: 'Linux', os.arch: 'amd64', os.version: '3.19.0-42-generic', java.version: '1.8.0_66'
Driver info: org.openqa.selenium.chrome.ChromeDriver
Capabilities [{applicationCacheEnabled=false, rotatable=false, mobileEmulationEnabled=false, networkConnectionEnabled=false, chrome={chromedriverVersion=2.24.417424 (c5c5ea873213ee72e3d0929b47482681555340c3), userDataDir=/tmp/.org.chromium.Chromium.b5DdAu}, takesHeapSnapshot=true, pageLoadStrategy=normal, databaseEnabled=false, handlesAlerts=true, hasTouchScreen=false, version=53.0.2785.116, platform=LINUX, browserConnectionEnabled=false, nativeEvents=true, acceptSslCerts=true, locationContextEnabled=true, webStorageEnabled=true, browserName=chrome, takesScreenshot=true, javascriptEnabled=true, cssSelectorsEnabled=true}]
Session ID: b2c2fb765a1de69378003aeb5e2afedd
*** Element info: {Using=xpath, value=//div[@id='contentPanel_content']//td//label[text()='Other conditions']/preceding::td[1]}
For documentation on this error, please visit: http://seleniumhq.org/exceptions/no_such_element.html
Build info: version: '2.53.1', revision: 'a36b8b1cd5757287168e54b817830adce9b0158d', time: '2016-06-30 19:26:09'
System info: host: 'NgocPT', ip: '172.17.0.1', os.name: 'Linux', os.arch: 'amd64', os.version: '3.19.0-42-generic', java.version: '1.8.0_66'
Driver info: driver.version: unknown
my.lib.serenity.primefaces.sars.page.MaintainCreditDataPage.clickRadioByName(MaintainCreditDataPage.java:20)
my.lib.serenity.primefaces.sars.steps.MaintainCreditDataSteps.clickRadioByName(MaintainCreditDataSteps.java:21)
my.lib.serenity.primefaces.sars.definition.MaintainCreditDataScenarioSteps.inMaintainCreditDataScreenIChooseRadioButtonHaveNameIsOtherConditions(MaintainCreditDataScenarioSteps.java:26)
</system-err></testcase></testsuite>