<?xml version="1.0" encoding="UTF-8"?><testsuite errors="0" failures="0" name="register daily report" skipped="0" tests="10" time="248.71" timestamp="2016-11-308 07:59:30"><testcase name="initialization screen when create new daily report and verify toggle column"/><testcase name="initialization screen when access from search by date screen"/><testcase name="Paging"/><testcase name="logout from system"/><testcase name="create new daily report and fill only required fields"/><testcase name="create new daily report with category is other works"/><testcase name="create new daily report and fill all fields"/><testcase name="update daily report when access from menu"/><testcase name="verify create new company when create daily report"/><testcase name="verify delete daily report"/></testsuite>