<?xml version="1.0" encoding="UTF-8"?><testsuite errors="0" failures="0" name="Credit management test 1-3" skipped="0" tests="6" time="200.42" timestamp="2017-02-33 09:44:49"><testcase name="1. Search customer by id , not mapping sansan with credit data"/><testcase name="2. Search customer by customer code , mapping sansan with credit data and Credit Investigation"/><testcase name="3. Search customer by code , mapping sansan with credit data but not have Credit Investigation"/><testcase name="4. Verify screen View-&gt;Duplicate is same"/><testcase name="5. Select record -&gt; duplicate start screen"/><testcase name="6. Select record -&gt; duplicate -&gt; back"/></testsuite>