<?xml version="1.0" encoding="UTF-8"?><testsuite errors="0" failures="0" name="Employee Management display" skipped="0" tests="24" time="485.84" timestamp="2016-11-329 11:02:28"><testcase name="1. Open Employee Management and verify when start"/><testcase name="2. Open Employee Management verify check toggle column show hidden column"/><testcase name="3. Open Employee Management and filter Employee input"/><testcase name="4. Open Employee Management and filter Employee select box"/><testcase name="5. Open Employee Management and sort all column"/><testcase name="6. Open Employee Management and verify paging"/><testcase name="7. Open Employee Management and use toggle working"/><testcase name="8. Open Employee Management and add  not success"/><testcase name="9. Open Employee Management and edit"/><testcase name="10. Open Employee Management and add new"/><testcase name="11. Open Employee Management and edit"/><testcase name="12. Open Employee Management and delete with user full permission"/><testcase name="13. Open Employee Management and edit and back"/><testcase name="14. Open Employee Management and add"/><testcase name="15. Open Employee Management and delete with user full permission"/><testcase name="16. Open Employee Management and add and back"/><testcase name="17. Open Employee Management verify screen when add new employee and click button reset"/><testcase name="18. Open Employee Management verify screen when edit new employee and click button reset"/><testcase name="19. Open Employee Management and verify paging last, first, next, previous"/><testcase name="20. Open Employee Management and verify when select 1 record, change page and back"/><testcase name="21. Open Employee Management and verify when select 1 record, change page and back"/></testsuite>