<?xml version="1.0" encoding="UTF-8"?><testsuite errors="0" failures="1" name="Run feature for debugging" skipped="0" tests="1" time="51.88" timestamp="2017-01-19 04:54:23"><testcase name="9. Open Maintain credit data, search by Other conditions - associated, change link. Find again with this customer code"><failure message="Timed out after 5 seconds waiting for net.serenitybdd.core.pages.WebElementFacadeImpl$1@498c535d&#10;Build info: version: '2.53.1', revision: 'a36b8b1cd5757287168e54b817830adce9b0158d', time: '2016-06-30 19:26:09'&#10;System info: host: 'NgocPT', ip: '172.17.0.1', os.name: 'Linux', os.arch: 'amd64', os.version: '3.19.0-42-generic', java.version: '1.8.0_66'&#10;Driver info: driver.version: unknown&#10;Build info: version: '2.53.1', revision: 'a36b8b1cd5757287168e54b817830adce9b0158d', time: '2016-06-30 19:26:09'&#10;System info: host: 'NgocPT', ip: '172.17.0.1', os.name: 'Linux', os.arch: 'amd64', os.version: '3.19.0-42-generic', java.version: '1.8.0_66'&#10;Driver info: driver.version: unknown" type="net.thucydides.core.webdriver.exceptions.ElementShouldBeVisibleException">Timed out after 5 seconds waiting for net.serenitybdd.core.pages.WebElementFacadeImpl$1@498c535d
Build info: version: '2.53.1', revision: 'a36b8b1cd5757287168e54b817830adce9b0158d', time: '2016-06-30 19:26:09'
System info: host: 'NgocPT', ip: '172.17.0.1', os.name: 'Linux', os.arch: 'amd64', os.version: '3.19.0-42-generic', java.version: '1.8.0_66'
Driver info: driver.version: unknown
Build info: version: '2.53.1', revision: 'a36b8b1cd5757287168e54b817830adce9b0158d', time: '2016-06-30 19:26:09'
System info: host: 'NgocPT', ip: '172.17.0.1', os.name: 'Linux', os.arch: 'amd64', os.version: '3.19.0-42-generic', java.version: '1.8.0_66'
Driver info: driver.version: unknown</failure><system-err>Timed out after 5 seconds waiting for net.serenitybdd.core.pages.WebElementFacadeImpl$1@498c535d
Build info: version: '2.53.1', revision: 'a36b8b1cd5757287168e54b817830adce9b0158d', time: '2016-06-30 19:26:09'
System info: host: 'NgocPT', ip: '172.17.0.1', os.name: 'Linux', os.arch: 'amd64', os.version: '3.19.0-42-generic', java.version: '1.8.0_66'
Driver info: driver.version: unknown
Build info: version: '2.53.1', revision: 'a36b8b1cd5757287168e54b817830adce9b0158d', time: '2016-06-30 19:26:09'
System info: host: 'NgocPT', ip: '172.17.0.1', os.name: 'Linux', os.arch: 'amd64', os.version: '3.19.0-42-generic', java.version: '1.8.0_66'
Driver info: driver.version: unknown
my.lib.serenity.primefaces.sars.page.AbstractPage.logout(AbstractPage.java:32)
my.lib.serenity.primefaces.sars.steps.MenuSteps.logout(MenuSteps.java:28)
my.lib.serenity.primefaces.sars.definition.CommonScenarioSteps.afterLoggedIn(CommonScenarioSteps.java:28)
</system-err></testcase></testsuite>